PHP Fatal error:  Uncaught PDOException: could not find driver in E:\Capstone_project\facilities_reservation_system\config\database.php:27
Stack trace:
#0 E:\Capstone_project\facilities_reservation_system\config\database.php(27): PDO->__construct()
#1 E:\Capstone_project\facilities_reservation_system\scripts\cleanup_old_data.php(18): db()
#2 {main}
  thrown in E:\Capstone_project\facilities_reservation_system\config\database.php on line 27
=== Cleanup Old Data Script ===
Started at: 2025-12-18 16:24:51
Dry Run: No
Type: all

=== Cleaning up Old Login Attempts ===
Found 0 login attempt entries older than 2025-09-19

=== Cleaning up Expired Rate Limits ===
Found 1 expired rate limit entries
Deleted 1 rate limit entries

=== Summary ===
Total deleted: 1 entries
Completed at: 2025-12-18 16:24:51
PHP Fatal error:  Uncaught PDOException: SQLSTATE[HY000] [2054] The server requested authentication method unknown to the client [auth_gssapi_client] in E:\Capstone_project\facilities_reservation_system\config\database.php:27
Stack trace:
#0 E:\Capstone_project\facilities_reservation_system\config\database.php(27): PDO->__construct('mysql:host=loca...', 'root', Object(SensitiveParameterValue), Array)
#1 E:\Capstone_project\facilities_reservation_system\scripts\cleanup_old_data.php(18): db()
#2 {main}
  thrown in E:\Capstone_project\facilities_reservation_system\config\database.php on line 27

Fatal error: Uncaught PDOException: SQLSTATE[HY000] [2054] The server requested authentication method unknown to the client [auth_gssapi_client] in E:\Capstone_project\facilities_reservation_system\config\database.php:27
Stack trace:
#0 E:\Capstone_project\facilities_reservation_system\config\database.php(27): PDO->__construct('mysql:host=loca...', 'root', Object(SensitiveParameterValue), Array)
#1 E:\Capstone_project\facilities_reservation_system\scripts\cleanup_old_data.php(18): db()
#2 {main}
  thrown in E:\Capstone_project\facilities_reservation_system\config\database.php on line 27

Fatal error: Uncaught PDOException: SQLSTATE[HY000] [1045] Access denied for user 'root'@'localhost' (using password: NO) in E:\Capstone_project\facilities_reservation_system\config\database.php:37
Stack trace:
#0 E:\Capstone_project\facilities_reservation_system\config\database.php(37): PDO->__construct('mysql:host=loca...', 'root', Object(SensitiveParameterValue), Array)
#1 E:\Capstone_project\facilities_reservation_system\scripts\cleanup_old_data.php(18): db()
#2 {main}
  thrown in E:\Capstone_project\facilities_reservation_system\config\database.php on line 37
