PHP Fatal error:  Uncaught PDOException: could not find driver in E:\Capstone_project\facilities_reservation_system\config\database.php:27
Stack trace:
#0 E:\Capstone_project\facilities_reservation_system\config\database.php(27): PDO->__construct()
#1 E:\Capstone_project\facilities_reservation_system\scripts\archive_documents.php(19): db()
#2 {main}
  thrown in E:\Capstone_project\facilities_reservation_system\config\database.php on line 27
=== Document Archival Script ===
Started at: 2025-12-18 16:09:36
Dry Run: No

Found 0 users with documents to archive
Processing limit: 50 users

Processed: 0 users

=== Summary ===
Total archived: 0 documents
Total failed: 0 documents
Completed at: 2025-12-18 16:09:36

=== Cleaning up expired export files ===
Deleted 0 expired export files
PHP Fatal error:  Uncaught PDOException: SQLSTATE[HY000] [2054] The server requested authentication method unknown to the client [auth_gssapi_client] in E:\Capstone_project\facilities_reservation_system\config\database.php:27
Stack trace:
#0 E:\Capstone_project\facilities_reservation_system\config\database.php(27): PDO->__construct('mysql:host=loca...', 'root', Object(SensitiveParameterValue), Array)
#1 E:\Capstone_project\facilities_reservation_system\scripts\archive_documents.php(19): db()
#2 {main}
  thrown in E:\Capstone_project\facilities_reservation_system\config\database.php on line 27

Fatal error: Uncaught PDOException: SQLSTATE[HY000] [2054] The server requested authentication method unknown to the client [auth_gssapi_client] in E:\Capstone_project\facilities_reservation_system\config\database.php:27
Stack trace:
#0 E:\Capstone_project\facilities_reservation_system\config\database.php(27): PDO->__construct('mysql:host=loca...', 'root', Object(SensitiveParameterValue), Array)
#1 E:\Capstone_project\facilities_reservation_system\scripts\archive_documents.php(19): db()
#2 {main}
  thrown in E:\Capstone_project\facilities_reservation_system\config\database.php on line 27
PHP Fatal error:  Uncaught PDOException: SQLSTATE[HY000] [2054] The server requested authentication method unknown to the client [auth_gssapi_client] in E:\Capstone_project\facilities_reservation_system\config\database.php:27
Stack trace:
#0 E:\Capstone_project\facilities_reservation_system\config\database.php(27): PDO->__construct('mysql:host=loca...', 'root', Object(SensitiveParameterValue), Array)
#1 E:\Capstone_project\facilities_reservation_system\scripts\archive_documents.php(19): db()
#2 {main}
  thrown in E:\Capstone_project\facilities_reservation_system\config\database.php on line 27

Fatal error: Uncaught PDOException: SQLSTATE[HY000] [2054] The server requested authentication method unknown to the client [auth_gssapi_client] in E:\Capstone_project\facilities_reservation_system\config\database.php:27
Stack trace:
#0 E:\Capstone_project\facilities_reservation_system\config\database.php(27): PDO->__construct('mysql:host=loca...', 'root', Object(SensitiveParameterValue), Array)
#1 E:\Capstone_project\facilities_reservation_system\scripts\archive_documents.php(19): db()
#2 {main}
  thrown in E:\Capstone_project\facilities_reservation_system\config\database.php on line 27
PHP Fatal error:  Uncaught PDOException: SQLSTATE[HY000] [2054] The server requested authentication method unknown to the client [auth_gssapi_client] in E:\Capstone_project\facilities_reservation_system\config\database.php:27
Stack trace:
#0 E:\Capstone_project\facilities_reservation_system\config\database.php(27): PDO->__construct('mysql:host=loca...', 'root', Object(SensitiveParameterValue), Array)
#1 E:\Capstone_project\facilities_reservation_system\scripts\archive_documents.php(19): db()
#2 {main}
  thrown in E:\Capstone_project\facilities_reservation_system\config\database.php on line 27

Fatal error: Uncaught PDOException: SQLSTATE[HY000] [2054] The server requested authentication method unknown to the client [auth_gssapi_client] in E:\Capstone_project\facilities_reservation_system\config\database.php:27
Stack trace:
#0 E:\Capstone_project\facilities_reservation_system\config\database.php(27): PDO->__construct('mysql:host=loca...', 'root', Object(SensitiveParameterValue), Array)
#1 E:\Capstone_project\facilities_reservation_system\scripts\archive_documents.php(19): db()
#2 {main}
  thrown in E:\Capstone_project\facilities_reservation_system\config\database.php on line 27
PHP Fatal error:  Uncaught PDOException: SQLSTATE[HY000] [2054] The server requested authentication method unknown to the client [auth_gssapi_client] in E:\Capstone_project\facilities_reservation_system\config\database.php:27
Stack trace:
#0 E:\Capstone_project\facilities_reservation_system\config\database.php(27): PDO->__construct('mysql:host=loca...', 'root', Object(SensitiveParameterValue), Array)
#1 E:\Capstone_project\facilities_reservation_system\scripts\archive_documents.php(19): db()
#2 {main}
  thrown in E:\Capstone_project\facilities_reservation_system\config\database.php on line 27

Fatal error: Uncaught PDOException: SQLSTATE[HY000] [2054] The server requested authentication method unknown to the client [auth_gssapi_client] in E:\Capstone_project\facilities_reservation_system\config\database.php:27
Stack trace:
#0 E:\Capstone_project\facilities_reservation_system\config\database.php(27): PDO->__construct('mysql:host=loca...', 'root', Object(SensitiveParameterValue), Array)
#1 E:\Capstone_project\facilities_reservation_system\scripts\archive_documents.php(19): db()
#2 {main}
  thrown in E:\Capstone_project\facilities_reservation_system\config\database.php on line 27
PHP Fatal error:  Uncaught PDOException: SQLSTATE[HY000] [2002] No connection could be made because the target machine actively refused it in E:\Capstone_project\facilities_reservation_system\config\database.php:27
Stack trace:
#0 E:\Capstone_project\facilities_reservation_system\config\database.php(27): PDO->__construct('mysql:host=loca...', 'root', Object(SensitiveParameterValue), Array)
#1 E:\Capstone_project\facilities_reservation_system\scripts\archive_documents.php(19): db()
#2 {main}
  thrown in E:\Capstone_project\facilities_reservation_system\config\database.php on line 27

Fatal error: Uncaught PDOException: SQLSTATE[HY000] [2002] No connection could be made because the target machine actively refused it in E:\Capstone_project\facilities_reservation_system\config\database.php:27
Stack trace:
#0 E:\Capstone_project\facilities_reservation_system\config\database.php(27): PDO->__construct('mysql:host=loca...', 'root', Object(SensitiveParameterValue), Array)
#1 E:\Capstone_project\facilities_reservation_system\scripts\archive_documents.php(19): db()
#2 {main}
  thrown in E:\Capstone_project\facilities_reservation_system\config\database.php on line 27
PHP Fatal error:  Uncaught PDOException: SQLSTATE[HY000] [2002] No connection could be made because the target machine actively refused it in E:\Capstone_project\facilities_reservation_system\config\database.php:27
Stack trace:
#0 E:\Capstone_project\facilities_reservation_system\config\database.php(27): PDO->__construct('mysql:host=loca...', 'root', Object(SensitiveParameterValue), Array)
#1 E:\Capstone_project\facilities_reservation_system\scripts\archive_documents.php(19): db()
#2 {main}
  thrown in E:\Capstone_project\facilities_reservation_system\config\database.php on line 27

Fatal error: Uncaught PDOException: SQLSTATE[HY000] [2002] No connection could be made because the target machine actively refused it in E:\Capstone_project\facilities_reservation_system\config\database.php:27
Stack trace:
#0 E:\Capstone_project\facilities_reservation_system\config\database.php(27): PDO->__construct('mysql:host=loca...', 'root', Object(SensitiveParameterValue), Array)
#1 E:\Capstone_project\facilities_reservation_system\scripts\archive_documents.php(19): db()
#2 {main}
  thrown in E:\Capstone_project\facilities_reservation_system\config\database.php on line 27
PHP Fatal error:  Uncaught PDOException: SQLSTATE[HY000] [2054] The server requested authentication method unknown to the client [auth_gssapi_client] in E:\Capstone_project\facilities_reservation_system\config\database.php:27
Stack trace:
#0 E:\Capstone_project\facilities_reservation_system\config\database.php(27): PDO->__construct('mysql:host=loca...', 'root', Object(SensitiveParameterValue), Array)
#1 E:\Capstone_project\facilities_reservation_system\scripts\archive_documents.php(19): db()
#2 {main}
  thrown in E:\Capstone_project\facilities_reservation_system\config\database.php on line 27

Fatal error: Uncaught PDOException: SQLSTATE[HY000] [2054] The server requested authentication method unknown to the client [auth_gssapi_client] in E:\Capstone_project\facilities_reservation_system\config\database.php:27
Stack trace:
#0 E:\Capstone_project\facilities_reservation_system\config\database.php(27): PDO->__construct('mysql:host=loca...', 'root', Object(SensitiveParameterValue), Array)
#1 E:\Capstone_project\facilities_reservation_system\scripts\archive_documents.php(19): db()
#2 {main}
  thrown in E:\Capstone_project\facilities_reservation_system\config\database.php on line 27
=== Document Archival Script ===
Started at: 2026-01-10 19:00:03
Dry Run: No

Found 0 users with documents to archive
Processing limit: 50 users

Processed: 0 users

=== Summary ===
Total archived: 0 documents
Total failed: 0 documents
Completed at: 2026-01-10 19:00:03

=== Cleaning up expired export files ===

Fatal error: Uncaught Error: Call to undefined function app_root_path() in E:\Capstone_project\facilities_reservation_system\config\data_export.php:182
Stack trace:
#0 E:\Capstone_project\facilities_reservation_system\scripts\archive_documents.php(118): cleanupExpiredExports()
#1 {main}
  thrown in E:\Capstone_project\facilities_reservation_system\config\data_export.php on line 182
=== Document Archival Script ===
Started at: 2026-01-11 19:00:05
Dry Run: No

Found 0 users with documents to archive
Processing limit: 50 users

Processed: 0 users

=== Summary ===
Total archived: 0 documents
Total failed: 0 documents
Completed at: 2026-01-11 19:00:05

=== Cleaning up expired export files ===

Fatal error: Uncaught Error: Call to undefined function app_root_path() in E:\Capstone_project\facilities_reservation_system\config\data_export.php:182
Stack trace:
#0 E:\Capstone_project\facilities_reservation_system\scripts\archive_documents.php(118): cleanupExpiredExports()
#1 {main}
  thrown in E:\Capstone_project\facilities_reservation_system\config\data_export.php on line 182
